<?xml version="1.0" encoding="UTF-8"?>
<!-- Generated by org.testng.reporters.JUnitXMLReporter -->
<testsuite ignored="0" hostname="DESKTOP-81TSAC2" failures="0" tests="3" name="Default test" time="27.274" errors="0" timestamp="17 Oct 2021 07:14:24 GMT">
  <testcase classname="com.pageObjectEcom.vr.testScripts.LoginTestWithDataDriven" name="loginTest" time="7.448"/>
  <testcase classname="com.pageObjectEcom.vr.testScripts.LoginTestWithDataDriven" name="loginTest" time="6.925"/>
  <testcase classname="com.pageObjectEcom.vr.testScripts.LoginTestWithDataDriven" name="loginTest" time="0.001">
    <skipped/>
  </testcase> <!-- loginTest -->
</testsuite> <!-- Default test -->
