<?xml version="1.0" encoding="UTF-8"?>
<testng-results ignored="0" total="3" passed="2" failed="0" skipped="1">
  <reporter-output>
    <line>
      <![CDATA[<a href='F:\vamshi\liveprojects\pageObjectsEcom\test-output\ScreenShots\blank_17_10_2021_12_44_06.png'><img src='F:\vamshi\liveprojects\pageObjectsEcom\test-output\ScreenShots\blank_17_10_2021_12_44_06.png'height='100' width='100'/></a>]]>
    </line>
    <line>
      <![CDATA[<a href='F:\vamshi\liveprojects\pageObjectsEcom\test-output\ScreenShots\blank_17_10_2021_12_44_13.png'><img src='F:\vamshi\liveprojects\pageObjectsEcom\test-output\ScreenShots\blank_17_10_2021_12_44_13.png'height='100' width='100'/></a>]]>
    </line>
    <line>
      <![CDATA[<a href='F:\vamshi\liveprojects\pageObjectsEcom\test-output\ScreenShots\loginTest_17_10_2021_12_44_16.png'><img src='F:\vamshi\liveprojects\pageObjectsEcom\test-output\ScreenShots\loginTest_17_10_2021_12_44_16.png'height='100' width='100'/></a>]]>
    </line>
    <line>
      <![CDATA[<a href='F:\vamshi\liveprojects\pageObjectsEcom\test-output\ScreenShots\blank_17_10_2021_12_44_20.png'><img src='F:\vamshi\liveprojects\pageObjectsEcom\test-output\ScreenShots\blank_17_10_2021_12_44_20.png'height='100' width='100'/></a>]]>
    </line>
    <line>
      <![CDATA[<a href='F:\vamshi\liveprojects\pageObjectsEcom\test-output\ScreenShots\loginTest_17_10_2021_12_44_23.png'><img src='F:\vamshi\liveprojects\pageObjectsEcom\test-output\ScreenShots\loginTest_17_10_2021_12_44_23.png'height='100' width='100'/></a>]]>
    </line>
  </reporter-output>
  <suite started-at="2021-10-17T07:13:57Z" name="Default suite" finished-at="2021-10-17T07:14:24Z" duration-ms="27274">
    <groups>
    </groups>
    <test started-at="2021-10-17T07:13:57Z" name="Default test" finished-at="2021-10-17T07:14:24Z" duration-ms="27274">
      <class name="com.pageObjectEcom.vr.testScripts.LoginTestWithDataDriven">
        <test-method is-config="true" signature="beforeSuite()[pri:0, instance:com.pageObjectEcom.vr.testScripts.LoginTestWithDataDriven@528c868]" started-at="2021-10-17T07:13:57Z" name="beforeSuite" finished-at="2021-10-17T07:13:57Z" duration-ms="390" status="PASS">
          <reporter-output>
          </reporter-output>
        </test-method> <!-- beforeSuite -->
        <test-method is-config="true" signature="beforeTest()[pri:0, instance:com.pageObjectEcom.vr.testScripts.LoginTestWithDataDriven@528c868]" started-at="2021-10-17T07:13:57Z" name="beforeTest" finished-at="2021-10-17T07:14:00Z" duration-ms="2526" status="PASS">
          <reporter-output>
          </reporter-output>
        </test-method> <!-- beforeTest -->
        <test-method is-config="true" signature="beforeClass()[pri:0, instance:com.pageObjectEcom.vr.testScripts.LoginTestWithDataDriven@528c868]" started-at="2021-10-17T07:14:00Z" name="beforeClass" finished-at="2021-10-17T07:14:07Z" duration-ms="7356" status="PASS">
          <reporter-output>
            <line>
              <![CDATA[<a href='F:\vamshi\liveprojects\pageObjectsEcom\test-output\ScreenShots\blank_17_10_2021_12_44_06.png'><img src='F:\vamshi\liveprojects\pageObjectsEcom\test-output\ScreenShots\blank_17_10_2021_12_44_06.png'height='100' width='100'/></a>]]>
            </line>
          </reporter-output>
        </test-method> <!-- beforeClass -->
        <test-method is-config="true" signature="beforeMethod(java.lang.reflect.Method)[pri:0, instance:com.pageObjectEcom.vr.testScripts.LoginTestWithDataDriven@528c868]" started-at="2021-10-17T07:14:08Z" name="beforeMethod" finished-at="2021-10-17T07:14:08Z" duration-ms="2" status="PASS">
          <params>
            <param index="0">
              <value>
                <![CDATA[public void com.pageObjectEcom.vr.testScripts.LoginTestWithDataDriven.loginTest(java.lang.String,java.lang.String,java.lang.String)]]>
              </value>
            </param>
          </params>
          <reporter-output>
          </reporter-output>
        </test-method> <!-- beforeMethod -->
        <test-method signature="loginTest(java.lang.String, java.lang.String, java.lang.String)[pri:0, instance:com.pageObjectEcom.vr.testScripts.LoginTestWithDataDriven@528c868]" started-at="2021-10-17T07:14:08Z" name="loginTest" data-provider="testData" finished-at="2021-10-17T07:14:16Z" duration-ms="7448" status="PASS">
          <params>
            <param index="0">
              <value>
                <![CDATA[vamshi1608@gmail.com]]>
              </value>
            </param>
            <param index="1">
              <value>
                <![CDATA[thirupathi]]>
              </value>
            </param>
            <param index="2">
              <value>
                <![CDATA[Y]]>
              </value>
            </param>
          </params>
          <reporter-output>
            <line>
              <![CDATA[<a href='F:\vamshi\liveprojects\pageObjectsEcom\test-output\ScreenShots\blank_17_10_2021_12_44_13.png'><img src='F:\vamshi\liveprojects\pageObjectsEcom\test-output\ScreenShots\blank_17_10_2021_12_44_13.png'height='100' width='100'/></a>]]>
            </line>
          </reporter-output>
        </test-method> <!-- loginTest -->
        <test-method is-config="true" signature="afterMethod(org.testng.ITestResult)[pri:0, instance:com.pageObjectEcom.vr.testScripts.LoginTestWithDataDriven@528c868]" started-at="2021-10-17T07:14:16Z" name="afterMethod" finished-at="2021-10-17T07:14:16Z" duration-ms="861" status="PASS">
          <params>
            <param index="0">
              <value>
                <![CDATA[[TestResult name=loginTest status=SUCCESS method=LoginTestWithDataDriven.loginTest(java.lang.String, java.lang.String, java.lang.String)[pri:0, instance:com.pageObjectEcom.vr.testScripts.LoginTestWithDataDriven@528c868] output=<a href='F:\vamshi\liveprojects\pageObjectsEcom\test-output\ScreenShots\blank_17_10_2021_12_44_13.png'><img src='F:\vamshi\liveprojects\pageObjectsEcom\test-output\ScreenShots\blank_17_10_2021_12_44_13.png'height='100' width='100'/></a>]]]>
              </value>
            </param>
          </params>
          <reporter-output>
            <line>
              <![CDATA[<a href='F:\vamshi\liveprojects\pageObjectsEcom\test-output\ScreenShots\loginTest_17_10_2021_12_44_16.png'><img src='F:\vamshi\liveprojects\pageObjectsEcom\test-output\ScreenShots\loginTest_17_10_2021_12_44_16.png'height='100' width='100'/></a>]]>
            </line>
          </reporter-output>
        </test-method> <!-- afterMethod -->
        <test-method is-config="true" signature="beforeMethod(java.lang.reflect.Method)[pri:0, instance:com.pageObjectEcom.vr.testScripts.LoginTestWithDataDriven@528c868]" started-at="2021-10-17T07:14:16Z" name="beforeMethod" finished-at="2021-10-17T07:14:16Z" duration-ms="1" status="PASS">
          <params>
            <param index="0">
              <value>
                <![CDATA[public void com.pageObjectEcom.vr.testScripts.LoginTestWithDataDriven.loginTest(java.lang.String,java.lang.String,java.lang.String)]]>
              </value>
            </param>
          </params>
          <reporter-output>
          </reporter-output>
        </test-method> <!-- beforeMethod -->
        <test-method signature="loginTest(java.lang.String, java.lang.String, java.lang.String)[pri:0, instance:com.pageObjectEcom.vr.testScripts.LoginTestWithDataDriven@528c868]" started-at="2021-10-17T07:14:16Z" name="loginTest" data-provider="testData" finished-at="2021-10-17T07:14:23Z" duration-ms="6925" status="PASS">
          <params>
            <param index="0">
              <value>
                <![CDATA[vamshi1608@gmail.com]]>
              </value>
            </param>
            <param index="1">
              <value>
                <![CDATA[thirupathi]]>
              </value>
            </param>
            <param index="2">
              <value>
                <![CDATA[Y]]>
              </value>
            </param>
          </params>
          <reporter-output>
            <line>
              <![CDATA[<a href='F:\vamshi\liveprojects\pageObjectsEcom\test-output\ScreenShots\blank_17_10_2021_12_44_20.png'><img src='F:\vamshi\liveprojects\pageObjectsEcom\test-output\ScreenShots\blank_17_10_2021_12_44_20.png'height='100' width='100'/></a>]]>
            </line>
          </reporter-output>
        </test-method> <!-- loginTest -->
        <test-method is-config="true" signature="afterMethod(org.testng.ITestResult)[pri:0, instance:com.pageObjectEcom.vr.testScripts.LoginTestWithDataDriven@528c868]" started-at="2021-10-17T07:14:23Z" name="afterMethod" finished-at="2021-10-17T07:14:24Z" duration-ms="262" status="PASS">
          <params>
            <param index="0">
              <value>
                <![CDATA[[TestResult name=loginTest status=SUCCESS method=LoginTestWithDataDriven.loginTest(java.lang.String, java.lang.String, java.lang.String)[pri:0, instance:com.pageObjectEcom.vr.testScripts.LoginTestWithDataDriven@528c868] output=<a href='F:\vamshi\liveprojects\pageObjectsEcom\test-output\ScreenShots\blank_17_10_2021_12_44_20.png'><img src='F:\vamshi\liveprojects\pageObjectsEcom\test-output\ScreenShots\blank_17_10_2021_12_44_20.png'height='100' width='100'/></a>]]]>
              </value>
            </param>
          </params>
          <reporter-output>
            <line>
              <![CDATA[<a href='F:\vamshi\liveprojects\pageObjectsEcom\test-output\ScreenShots\loginTest_17_10_2021_12_44_23.png'><img src='F:\vamshi\liveprojects\pageObjectsEcom\test-output\ScreenShots\loginTest_17_10_2021_12_44_23.png'height='100' width='100'/></a>]]>
            </line>
          </reporter-output>
        </test-method> <!-- afterMethod -->
        <test-method is-config="true" signature="beforeMethod(java.lang.reflect.Method)[pri:0, instance:com.pageObjectEcom.vr.testScripts.LoginTestWithDataDriven@528c868]" started-at="2021-10-17T07:14:24Z" name="beforeMethod" finished-at="2021-10-17T07:14:24Z" duration-ms="2" status="PASS">
          <params>
            <param index="0">
              <value>
                <![CDATA[public void com.pageObjectEcom.vr.testScripts.LoginTestWithDataDriven.loginTest(java.lang.String,java.lang.String,java.lang.String)]]>
              </value>
            </param>
          </params>
          <reporter-output>
          </reporter-output>
        </test-method> <!-- beforeMethod -->
        <test-method signature="loginTest(java.lang.String, java.lang.String, java.lang.String)[pri:0, instance:com.pageObjectEcom.vr.testScripts.LoginTestWithDataDriven@528c868]" started-at="2021-10-17T07:14:24Z" name="loginTest" data-provider="testData" finished-at="2021-10-17T07:14:24Z" duration-ms="1" status="SKIP">
          <params>
            <param index="0">
              <value>
                <![CDATA[vamshi1608@gmail.com]]>
              </value>
            </param>
            <param index="1">
              <value>
                <![CDATA[thirupathi]]>
              </value>
            </param>
            <param index="2">
              <value>
                <![CDATA[N]]>
              </value>
            </param>
          </params>
          <exception class="org.testng.SkipException">
            <message>
              <![CDATA[RunMode for this set of data is marked as N]]>
            </message>
            <full-stacktrace>
              <![CDATA[org.testng.SkipException: RunMode for this set of data is marked as N
at com.pageObjectEcom.vr.testScripts.LoginTestWithDataDriven.loginTest(LoginTestWithDataDriven.java:38)
at java.base/jdk.internal.reflect.NativeMethodAccessorImpl.invoke0(Native Method)
at java.base/jdk.internal.reflect.NativeMethodAccessorImpl.invoke(NativeMethodAccessorImpl.java:62)
at java.base/jdk.internal.reflect.DelegatingMethodAccessorImpl.invoke(DelegatingMethodAccessorImpl.java:43)
at java.base/java.lang.reflect.Method.invoke(Method.java:566)
at org.testng.internal.MethodInvocationHelper.invokeMethod(MethodInvocationHelper.java:124)
at org.testng.internal.Invoker.invokeMethod(Invoker.java:583)
at org.testng.internal.Invoker.invokeTestMethod(Invoker.java:719)
at org.testng.internal.Invoker.invokeTestMethods(Invoker.java:989)
at org.testng.internal.TestMethodWorker.invokeTestMethods(TestMethodWorker.java:125)
at org.testng.internal.TestMethodWorker.run(TestMethodWorker.java:109)
at org.testng.TestRunner.privateRun(TestRunner.java:648)
at org.testng.TestRunner.run(TestRunner.java:505)
at org.testng.SuiteRunner.runTest(SuiteRunner.java:455)
at org.testng.SuiteRunner.runSequentially(SuiteRunner.java:450)
at org.testng.SuiteRunner.privateRun(SuiteRunner.java:415)
at org.testng.SuiteRunner.run(SuiteRunner.java:364)
at org.testng.SuiteRunnerWorker.runSuite(SuiteRunnerWorker.java:52)
at org.testng.SuiteRunnerWorker.run(SuiteRunnerWorker.java:84)
at org.testng.TestNG.runSuitesSequentially(TestNG.java:1208)
at org.testng.TestNG.runSuitesLocally(TestNG.java:1137)
at org.testng.TestNG.runSuites(TestNG.java:1049)
at org.testng.TestNG.run(TestNG.java:1017)
at org.testng.remote.AbstractRemoteTestNG.run(AbstractRemoteTestNG.java:115)
at org.testng.remote.RemoteTestNG.initAndRun(RemoteTestNG.java:251)
at org.testng.remote.RemoteTestNG.main(RemoteTestNG.java:77)
]]>
            </full-stacktrace>
          </exception> <!-- org.testng.SkipException -->
          <reporter-output>
          </reporter-output>
        </test-method> <!-- loginTest -->
        <test-method is-config="true" signature="afterMethod(org.testng.ITestResult)[pri:0, instance:com.pageObjectEcom.vr.testScripts.LoginTestWithDataDriven@528c868]" started-at="2021-10-17T07:14:24Z" name="afterMethod" finished-at="2021-10-17T07:14:24Z" duration-ms="38" status="PASS">
          <params>
            <param index="0">
              <value>
                <![CDATA[[TestResult name=loginTest status=SKIP method=LoginTestWithDataDriven.loginTest(java.lang.String, java.lang.String, java.lang.String)[pri:0, instance:com.pageObjectEcom.vr.testScripts.LoginTestWithDataDriven@528c868] output={null}]]]>
              </value>
            </param>
          </params>
          <reporter-output>
          </reporter-output>
        </test-method> <!-- afterMethod -->
        <test-method is-config="true" signature="afterTest()[pri:0, instance:com.pageObjectEcom.vr.testScripts.LoginTestWithDataDriven@528c868]" started-at="2021-10-17T07:14:24Z" name="afterTest" finished-at="2021-10-17T07:14:24Z" duration-ms="788" status="PASS">
          <reporter-output>
          </reporter-output>
        </test-method> <!-- afterTest -->
      </class> <!-- com.pageObjectEcom.vr.testScripts.LoginTestWithDataDriven -->
    </test> <!-- Default test -->
  </suite> <!-- Default suite -->
</testng-results>
