<?xml version="1.0" encoding="UTF-8"?>
<!-- Generated by org.testng.reporters.JUnitXMLReporter -->
<testsuite ignored="0" hostname="DESKTOP-81TSAC2" failures="1" tests="1" name="VerifylowestFirstPriceFilter Test" time="26.225" errors="0" timestamp="17 Oct 2021 05:46:09 GMT">
  <testcase classname="com.pageObjectEcom.vr.testScripts.VerifylowestFirstPriceFilter" name="verifyLowestFirstPriceListInProduct_deatilsPage" time="21.879">
    <failure type="java.lang.AssertionError" message="expected [true] but found [false]">
      <![CDATA[java.lang.AssertionError: expected [true] but found [false]
at com.pageObjectEcom.vr.helper.assertions.AssertionHelper.fail(AssertionHelper.java:69)
at com.pageObjectEcom.vr.helper.assertions.AssertionHelper.updateTestStatus(AssertionHelper.java:80)
at com.pageObjectEcom.vr.testScripts.VerifylowestFirstPriceFilter.verifyLowestFirstPriceListInProduct_deatilsPage(VerifylowestFirstPriceFilter.java:44)
... Removed 29 stack frames]]>
    </failure>
  </testcase> <!-- verifyLowestFirstPriceListInProduct_deatilsPage -->
</testsuite> <!-- VerifylowestFirstPriceFilter Test -->
